1663681845339	geckodriver	INFO	Listening on 127.0.0.1:52990
1663681848536	mozrunner::runner	INFO	Running command: "C:\\Program Files\\Mozilla Firefox\\firefox.exe" "--marionette" "--remote-debugging-port" "52991" "--remote-allow-hosts" "localhost" "-no-remote" "-profile" "C:\\Users\\JOSEPH~1\\AppData\\Local\\Temp\\rust_mozprofileahrOV5"
1663681852192	Marionette	INFO	Marionette enabled
1663681852223	Marionette	INFO	Listening on port 53004
WebDriver BiDi listening on ws://localhost:52991
Read port: 53004
1663681853893	RemoteAgent	WARN	TLS certificate errors will be ignored for this session
console.warn: SearchSettings: "get: No settings file exists, new profile?" (new NotFoundError("Could not open the file at C:\\Users\\JOSEPH~1\\AppData\\Local\\Temp\\rust_mozprofileahrOV5\\search.json.mozlz4", (void 0)))
DevTools listening on ws://localhost:52991/devtools/browser/43650557-be22-4c38-a5bd-7a886b1b9fb3
JavaScript warning: https://www.google.com/maps/_/js/k=maps.m.sw.2-YRLUSbMwA.2019.O/m=sc2,per,mo,lp,ti,ds,stx,bom,b/am=2gEwBQQAAAAQ/rt=j/d=1/rs=ACT90oEYxSJ6_2xThQzHMBdbH1Ok9r0xcQ, line 2017: WEBGL_debug_renderer_info is deprecated in Firefox and will be removed. Please use RENDERER.
JavaScript warning: , line 0: WebGL warning: texSubImage: Texture has not been initialized prior to a partial upload, forcing the browser to clear it. This may be slow.
JavaScript warning: , line 0: WebGL warning: texSubImage: Tex image TEXTURE_2D level 0 is incurring lazy initialization.
JavaScript warning: , line 0: WebGL warning: texSubImage: Texture has not been initialized prior to a partial upload, forcing the browser to clear it. This may be slow.
JavaScript warning: , line 0: WebGL warning: texSubImage: Tex image TEXTURE_2D level 0 is incurring lazy initialization.
JavaScript warning: , line 0: WebGL warning: texSubImage: Texture has not been initialized prior to a partial upload, forcing the browser to clear it. This may be slow.
JavaScript warning: , line 0: WebGL warning: texSubImage: Tex image TEXTURE_2D level 0 is incurring lazy initialization.
JavaScript warning: , line 0: WebGL warning: texSubImage: Texture has not been initialized prior to a partial upload, forcing the browser to clear it. This may be slow.
JavaScript warning: , line 0: WebGL warning: texSubImage: Tex image TEXTURE_2D level 0 is incurring lazy initialization.
JavaScript warning: , line 0: WebGL warning: texSubImage: Texture has not been initialized prior to a partial upload, forcing the browser to clear it. This may be slow.
JavaScript warning: , line 0: WebGL warning: texSubImage: Tex image TEXTURE_2D level 0 is incurring lazy initialization.
JavaScript warning: , line 0: WebGL warning: texSubImage: Texture has not been initialized prior to a partial upload, forcing the browser to clear it. This may be slow.
JavaScript warning: , line 0: WebGL warning: texSubImage: Tex image TEXTURE_2D level 0 is incurring lazy initialization.
JavaScript error: , line 0: NS_ERROR_NOT_AVAILABLE
1663684209989	geckodriver	INFO	Listening on 127.0.0.1:53870
1663684213071	mozrunner::runner	INFO	Running command: "C:\\Program Files\\Mozilla Firefox\\firefox.exe" "--marionette" "--remote-debugging-port" "53871" "--remote-allow-hosts" "localhost" "-no-remote" "-profile" "C:\\Users\\JOSEPH~1\\AppData\\Local\\Temp\\rust_mozprofileU4IDe9"
1663684215833	Marionette	INFO	Marionette enabled
1663684215840	Marionette	INFO	Listening on port 53883
WebDriver BiDi listening on ws://localhost:53871
Read port: 53883
1663684216854	RemoteAgent	WARN	TLS certificate errors will be ignored for this session
console.warn: SearchSettings: "get: No settings file exists, new profile?" (new NotFoundError("Could not open the file at C:\\Users\\JOSEPH~1\\AppData\\Local\\Temp\\rust_mozprofileU4IDe9\\search.json.mozlz4", (void 0)))
DevTools listening on ws://localhost:53871/devtools/browser/c0854545-8d96-47cf-911a-4004e95e85af
JavaScript warning: https://www.google.com/maps/_/js/k=maps.m.sw.2-YRLUSbMwA.2019.O/m=sc2,per,mo,lp,ti,ds,stx,bom,b/am=2gEwBQQAAAAQ/rt=j/d=1/rs=ACT90oEYxSJ6_2xThQzHMBdbH1Ok9r0xcQ, line 2017: WEBGL_debug_renderer_info is deprecated in Firefox and will be removed. Please use RENDERER.
JavaScript warning: , line 0: WebGL warning: texSubImage: Texture has not been initialized prior to a partial upload, forcing the browser to clear it. This may be slow.
JavaScript warning: , line 0: WebGL warning: texSubImage: Tex image TEXTURE_2D level 0 is incurring lazy initialization.
JavaScript warning: , line 0: WebGL warning: texSubImage: Texture has not been initialized prior to a partial upload, forcing the browser to clear it. This may be slow.
JavaScript warning: , line 0: WebGL warning: texSubImage: Tex image TEXTURE_2D level 0 is incurring lazy initialization.
JavaScript warning: , line 0: WebGL warning: texSubImage: Texture has not been initialized prior to a partial upload, forcing the browser to clear it. This may be slow.
JavaScript warning: , line 0: WebGL warning: texSubImage: Tex image TEXTURE_2D level 0 is incurring lazy initialization.
JavaScript warning: , line 0: WebGL warning: texSubImage: Texture has not been initialized prior to a partial upload, forcing the browser to clear it. This may be slow.
JavaScript warning: , line 0: WebGL warning: texSubImage: Tex image TEXTURE_2D level 0 is incurring lazy initialization.
JavaScript warning: , line 0: WebGL warning: texSubImage: Texture has not been initialized prior to a partial upload, forcing the browser to clear it. This may be slow.
JavaScript warning: , line 0: WebGL warning: texSubImage: Tex image TEXTURE_2D level 0 is incurring lazy initialization.
JavaScript warning: , line 0: WebGL warning: texSubImage: Texture has not been initialized prior to a partial upload, forcing the browser to clear it. This may be slow.
JavaScript warning: , line 0: WebGL warning: texSubImage: Tex image TEXTURE_2D level 0 is incurring lazy initialization.
JavaScript warning: , line 0: WebGL warning: texSubImage: Alpha-premult and y-flip are deprecated for non-DOM-Element uploads.
JavaScript error: , line 0: NS_ERROR_NOT_AVAILABLE
1663685975160	Marionette	INFO	Stopped listening on port 53883
[Parent 12784, IPC I/O Parent] WARNING: file /builds/worker/checkouts/gecko/ipc/chromium/src/base/process_util_win.cc:167
console.warn: TopSitesFeed: Failed to fetch data from Contile server: NetworkError when attempting to fetch resource.
onette	INFO	Marionette enabled
1663684560484	Marionette	INFO	Listening on port 54054
WebDriver BiDi listening on ws://localhost:54042
Read port: 54054
1663684561426	RemoteAgent	WARN	TLS certificate errors will be ignored for this session
console.warn: SearchSettings: "get: No settings file exists, new profile?" (new NotFoundError("Could not open the file at C:\\Users\\JOSEPH~1\\AppData\\Local\\Temp\\rust_mozprofileqlFOZJ\\search.json.mozlz4", (void 0)))
DevTools listening on ws://localhost:54042/devtools/browser/78a11d5b-67fe-497f-8c2d-90ff32d6f50b
JavaScript warning: https://www.google.com/maps/_/js/k=maps.m.sw.2-YRLUSbMwA.2019.O/m=sc2,per,mo,lp,ti,ds,stx,bom,b/am=2gEwBQQAAAAQ/rt=j/d=1/rs=ACT90oEYxSJ6_2xThQzHMBdbH1Ok9r0xcQ, line 2017: WEBGL_debug_renderer_info is deprecated in Firefox and will be removed. Please use RENDERER.
JavaScript warning: , line 0: WebGL warning: texSubImage: Texture has not been initialized prior to a partial upload, forcing the browser to clear it. This may be slow.
JavaScript warning: , line 0: WebGL warning: texSubImage: Tex image TEXTURE_2D level 0 is incurring lazy initialization.
JavaScript warning: , line 0: WebGL warning: texSubImage: Texture has not been initialized prior to a partial upload, forcing the browser to clear it. This may be slow.
JavaScript warning: , line 0: WebGL warning: texSubImage: Tex image TEXTURE_2D level 0 is incurring lazy initialization.
JavaScript warning: , line 0: WebGL warning: texSubImage: Texture has not been initialized prior to a partial upload, forcing the browser to clear it. This may be slow.
JavaScript warning: , line 0: WebGL warning: texSubImage: Tex image TEXTURE_2D level 0 is incurring lazy initialization.
JavaScript warning: , line 0: WebGL warning: texSubImage: Texture has not been initialized prior to a partial upload, forcing the browser to clear it. This may be slow.
JavaScript warning: , line 0: WebGL warning: texSubImage: Tex image TEXTURE_2D level 0 is incurring lazy initialization.
JavaScript warning: , line 0: WebGL warning: texSubImage: Texture has not been initialized prior to a partial upload, forcing the browser to clear it. This may be slow.
JavaScript warning: , line 0: WebGL warning: texSubImage: Tex image TEXTURE_2D level 0 is incurring lazy initialization.
JavaScript warning: , line 0: WebGL warning: texSubImage: Texture has not been initialized prior to a partial upload, forcing the browser to clear it. This may be slow.
JavaScript warning: , line 0: WebGL warning: texSubImage: Tex image TEXTURE_2D level 0 is incurring lazy initialization.
JavaScript error: , line 0: NS_ERROR_NOT_AVAILABLE
1663685976471	Marionette	INFO	Stopped listening on port 54054
console.warn: TopSitesFeed: Failed to fetch data from Contile server: NetworkError when attempting to fetch resource.
allow-hosts" "localhost" "-no-remote" "-profile" "C:\\Users\\JOSEPH~1\\AppData\\Local\\Temp\\rust_mozprofileTQ7I14"
1663684956869	Marionette	INFO	Marionette enabled
1663684956889	Marionette	INFO	Listening on port 54256
WebDriver BiDi listening on ws://localhost:54241
Read port: 54256
1663684958370	RemoteAgent	WARN	TLS certificate errors will be ignored for this session
console.warn: SearchSettings: "get: No settings file exists, new profile?" (new NotFoundError("Could not open the file at C:\\Users\\JOSEPH~1\\AppData\\Local\\Temp\\rust_mozprofileTQ7I14\\search.json.mozlz4", (void 0)))
DevTools listening on ws://localhost:54241/devtools/browser/03b569bf-57ce-422a-a1d8-bce2641731ef
JavaScript error: chrome://remote/content/marionette/driver.js, line 2270: NS_ERROR_ILLEGAL_VALUE: Component returned failure code: 0x80070057 (NS_ERROR_ILLEGAL_VALUE) [nsIObserverService.removeObserver]
1663686872129	geckodriver	INFO	Listening on 127.0.0.1:54990
1663686875181	mozrunner::runner	INFO	Running command: "C:\\Program Files\\Mozilla Firefox\\firefox.exe" "--marionette" "--remote-debugging-port" "54991" "--remote-allow-hosts" "localhost" "-no-remote" "-profile" "C:\\Users\\JOSEPH~1\\AppData\\Local\\Temp\\rust_mozprofilelJxZZV"
1663686876276	Marionette	INFO	Marionette enabled
1663686876290	Marionette	INFO	Listening on port 55004
Read port: 55004
WebDriver BiDi listening on ws://127.0.0.1:54991
1663686876640	RemoteAgent	WARN	TLS certificate errors will be ignored for this session
console.warn: SearchSettings: "get: No settings file exists, new profile?" (new NotFoundError("Could not open the file at C:\\Users\\JOSEPH~1\\AppData\\Local\\Temp\\rust_mozprofilelJxZZV\\search.json.mozlz4", (void 0)))
DevTools listening on ws://127.0.0.1:54991/devtools/browser/db8a684d-07d3-4e62-b811-e2f29f0ee291
1663687045585	geckodriver	INFO	Listening on 127.0.0.1:55085
1663687048638	mozrunner::runner	INFO	Running command: "C:\\Program Files\\Mozilla Firefox\\firefox.exe" "--marionette" "--remote-debugging-port" "55086" "--remote-allow-hosts" "localhost" "-no-remote" "-profile" "C:\\Users\\JOSEPH~1\\AppData\\Local\\Temp\\rust_mozprofilegLZld1"
1663687049933	Marionette	INFO	Marionette enabled
1663687049944	Marionette	INFO	Listening on port 55097
Read port: 55097
WebDriver BiDi listening on ws://127.0.0.1:55086
1663687050174	RemoteAgent	WARN	TLS certificate errors will be ignored for this session
console.warn: SearchSettings: "get: No settings file exists, new profile?" (new NotFoundError("Could not open the file at C:\\Users\\JOSEPH~1\\AppData\\Local\\Temp\\rust_mozprofilegLZld1\\search.json.mozlz4", (void 0)))
DevTools listening on ws://127.0.0.1:55086/devtools/browser/2ec591b5-115e-4597-b331-03e532297cbc
JavaScript warning: https://www.google.com/maps/_/js/k=maps.m.sw.IhAKsaGomis.2019.O/m=sc2,per,mo,lp,ti,ds,stx,bom,b/am=2gEwBQQAAAAQ/rt=j/d=1/rs=ACT90oG1EagHswGxsUUNknUICYUt_oobow, line 2020: WEBGL_debug_renderer_info is deprecated in Firefox and will be removed. Please use RENDERER.
JavaScript warning: , line 0: WebGL warning: texSubImage: Texture has not been initialized prior to a partial upload, forcing the browser to clear it. This may be slow.
JavaScript warning: , line 0: WebGL warning: texSubImage: Tex image TEXTURE_2D level 0 is incurring lazy initialization.
JavaScript warning: , line 0: WebGL warning: texSubImage: Texture has not been initialized prior to a partial upload, forcing the browser to clear it. This may be slow.
JavaScript warning: , line 0: WebGL warning: texSubImage: Tex image TEXTURE_2D level 0 is incurring lazy initialization.
JavaScript warning: , line 0: WebGL warning: texSubImage: Texture has not been initialized prior to a partial upload, forcing the browser to clear it. This may be slow.
JavaScript warning: , line 0: WebGL warning: texSubImage: Tex image TEXTURE_2D level 0 is incurring lazy initialization.
JavaScript warning: , line 0: WebGL warning: texSubImage: Texture has not been initialized prior to a partial upload, forcing the browser to clear it. This may be slow.
JavaScript warning: , line 0: WebGL warning: texSubImage: Tex image TEXTURE_2D level 0 is incurring lazy initialization.
JavaScript warning: , line 0: WebGL warning: texSubImage: Texture has not been initialized prior to a partial upload, forcing the browser to clear it. This may be slow.
JavaScript warning: , line 0: WebGL warning: texSubImage: Tex image TEXTURE_2D level 0 is incurring lazy initialization.
JavaScript warning: , line 0: WebGL warning: texSubImage: Texture has not been initialized prior to a partial upload, forcing the browser to clear it. This may be slow.
JavaScript warning: , line 0: WebGL warning: texSubImage: Tex image TEXTURE_2D level 0 is incurring lazy initialization.
1663687617974	Marionette	INFO	Stopped listening on port 55097
console.warn: TopSitesFeed: Failed to fetch data from Contile server: NetworkError when attempting to fetch resource.
[Parent 10724, IPC I/O Parent] WARNING: file /builds/worker/checkouts/gecko/ipc/chromium/src/base/process_util_win.cc:167
lazy initialization.
JavaScript warning: , line 0: WebGL warning: texSubImage: Texture has not been initialized prior to a partial upload, forcing the browser to clear it. This may be slow.
JavaScript warning: , line 0: WebGL warning: texSubImage: Tex image TEXTURE_2D level 0 is incurring lazy initialization.
JavaScript warning: , line 0: WebGL warning: texSubImage: Texture has not been initialized prior to a partial upload, forcing the browser to clear it. This may be slow.
JavaScript warning: , line 0: WebGL warning: texSubImage: Tex image TEXTURE_2D level 0 is incurring lazy initialization.
JavaScript warning: , line 0: WebGL warning: texSubImage: Texture has not been initialized prior to a partial upload, forcing the browser to clear it. This may be slow.
JavaScript warning: , line 0: WebGL warning: texSubImage: Tex image TEXTURE_2D level 0 is incurring lazy initialization.
JavaScript warning: , line 0: WebGL warning: texSubImage: Texture has not been initialized prior to a partial upload, forcing the browser to clear it. This may be slow.
JavaScript warning: , line 0: WebGL warning: texSubImage: Tex image TEXTURE_2D level 0 is incurring lazy initialization.
JavaScript warning: , line 0: WebGL warning: texSubImage: Texture has not been initialized prior to a partial upload, forcing the browser to clear it. This may be slow.
JavaScript warning: , line 0: WebGL warning: texSubImage: Tex image TEXTURE_2D level 0 is incurring lazy initialization.
1663687677423	Marionette	INFO	Stopped listening on port 55226
console.warn: TopSitesFeed: Failed to fetch data from Contile server: NetworkError when attempting to fetch resource.
remote-debugging-port" "55407" "--remote-allow-hosts" "localhost" "-no-remote" "-profile" "C:\\Users\\JOSEPH~1\\AppData\\Local\\Temp\\rust_mozprofileM8RGFR"
1663687674076	Marionette	INFO	Marionette enabled
1663687674096	Marionette	INFO	Listening on port 55416
Read port: 55416
WebDriver BiDi listening on ws://127.0.0.1:55407
1663687674359	RemoteAgent	WARN	TLS certificate errors will be ignored for this session
console.warn: SearchSettings: "get: No settings file exists, new profile?" (new NotFoundError("Could not open the file at C:\\Users\\JOSEPH~1\\AppData\\Local\\Temp\\rust_mozprofileM8RGFR\\search.json.mozlz4", (void 0)))
DevTools listening on ws://127.0.0.1:55407/devtools/browser/5a1c22e0-4cf0-4c31-8540-ce3f9b8a6194
JavaScript warning: https://www.google.com/maps/_/js/k=maps.m.sw.2-YRLUSbMwA.2019.O/m=sc2,per,mo,lp,ti,ds,stx,bom,b/am=2gEwBQQAAAAQ/rt=j/d=1/rs=ACT90oEYxSJ6_2xThQzHMBdbH1Ok9r0xcQ, line 2017: WEBGL_debug_renderer_info is deprecated in Firefox and will be removed. Please use RENDERER.
JavaScript warning: , line 0: WebGL warning: texSubImage: Texture has not been initialized prior to a partial upload, forcing the browser to clear it. This may be slow.
JavaScript warning: , line 0: WebGL warning: texSubImage: Tex image TEXTURE_2D level 0 is incurring lazy initialization.
JavaScript warning: , line 0: WebGL warning: texSubImage: Texture has not been initialized prior to a partial upload, forcing the browser to clear it. This may be slow.
JavaScript warning: , line 0: WebGL warning: texSubImage: Tex image TEXTURE_2D level 0 is incurring lazy initialization.
JavaScript warning: , line 0: WebGL warning: texSubImage: Texture has not been initialized prior to a partial upload, forcing the browser to clear it. This may be slow.
JavaScript warning: , line 0: WebGL warning: texSubImage: Tex image TEXTURE_2D level 0 is incurring lazy initialization.
JavaScript warning: , line 0: WebGL warning: texSubImage: Texture has not been initialized prior to a partial upload, forcing the browser to clear it. This may be slow.
JavaScript warning: , line 0: WebGL warning: texSubImage: Tex image TEXTURE_2D level 0 is incurring lazy initialization.
JavaScript warning: , line 0: WebGL warning: texSubImage: Texture has not been initialized prior to a partial upload, forcing the browser to clear it. This may be slow.
JavaScript warning: , line 0: WebGL warning: texSubImage: Tex image TEXTURE_2D level 0 is incurring lazy initialization.
JavaScript warning: , line 0: WebGL warning: texSubImage: Texture has not been initialized prior to a partial upload, forcing the browser to clear it. This may be slow.
JavaScript warning: , line 0: WebGL warning: texSubImage: Tex image TEXTURE_2D level 0 is incurring lazy initialization.
1663687707923	Marionette	INFO	Stopped listening on port 55416
console.warn: TopSitesFeed: Failed to fetch data from Contile server: NetworkError when attempting to fetch resource.
1663687717603	geckodriver	INFO	Listening on 127.0.0.1:55474
1663687720670	mozrunner::runner	INFO	Running command: "C:\\Program Files\\Mozilla Firefox\\firefox.exe" "--marionette" "--remote-debugging-port" "55475" "--remote-allow-hosts" "localhost" "-no-remote" "-profile" "C:\\Users\\JOSEPH~1\\AppData\\Local\\Temp\\rust_mozprofile8RiPVc"
1663687721526	Marionette	INFO	Marionette enabled
1663687721538	Marionette	INFO	Listening on port 55484
Read port: 55484
WebDriver BiDi listening on ws://127.0.0.1:55475
1663687721736	RemoteAgent	WARN	TLS certificate errors will be ignored for this session
console.warn: SearchSettings: "get: No settings file exists, new profile?" (new NotFoundError("Could not open the file at C:\\Users\\JOSEPH~1\\AppData\\Local\\Temp\\rust_mozprofile8RiPVc\\search.json.mozlz4", (void 0)))
DevTools listening on ws://127.0.0.1:55475/devtools/browser/87b7a8b2-b83c-4a7f-ae74-271785e385db
JavaScript warning: https://www.google.com/maps/_/js/k=maps.m.sw.2-YRLUSbMwA.2019.O/m=sc2,per,mo,lp,ti,ds,stx,bom,b/am=2gEwBQQAAAAQ/rt=j/d=1/rs=ACT90oEYxSJ6_2xThQzHMBdbH1Ok9r0xcQ, line 2017: WEBGL_debug_renderer_info is deprecated in Firefox and will be removed. Please use RENDERER.
JavaScript warning: , line 0: WebGL warning: texSubImage: Texture has not been initialized prior to a partial upload, forcing the browser to clear it. This may be slow.
JavaScript warning: , line 0: WebGL warning: texSubImage: Tex image TEXTURE_2D level 0 is incurring lazy initialization.
JavaScript warning: , line 0: WebGL warning: texSubImage: Texture has not been initialized prior to a partial upload, forcing the browser to clear it. This may be slow.
JavaScript warning: , line 0: WebGL warning: texSubImage: Tex image TEXTURE_2D level 0 is incurring lazy initialization.
JavaScript warning: , line 0: WebGL warning: texSubImage: Texture has not been initialized prior to a partial upload, forcing the browser to clear it. This may be slow.
JavaScript warning: , line 0: WebGL warning: texSubImage: Tex image TEXTURE_2D level 0 is incurring lazy initialization.
JavaScript warning: , line 0: WebGL warning: texSubImage: Texture has not been initialized prior to a partial upload, forcing the browser to clear it. This may be slow.
JavaScript warning: , line 0: WebGL warning: texSubImage: Tex image TEXTURE_2D level 0 is incurring lazy initialization.
JavaScript warning: , line 0: WebGL warning: texSubImage: Texture has not been initialized prior to a partial upload, forcing the browser to clear it. This may be slow.
JavaScript warning: , line 0: WebGL warning: texSubImage: Tex image TEXTURE_2D level 0 is incurring lazy initialization.
JavaScript warning: , line 0: WebGL warning: texSubImage: Texture has not been initialized prior to a partial upload, forcing the browser to clear it. This may be slow.
JavaScript warning: , line 0: WebGL warning: texSubImage: Tex image TEXTURE_2D level 0 is incurring lazy initialization.
1663687859537	Marionette	INFO	Stopped listening on port 55484
console.warn: TopSitesFeed: Failed to fetch data from Contile server: NetworkError when attempting to fetch resource.
1663687947500	geckodriver	INFO	Listening on 127.0.0.1:55560
1663687950571	mozrunner::runner	INFO	Running command: "C:\\Program Files\\Mozilla Firefox\\firefox.exe" "--marionette" "--remote-debugging-port" "55561" "--remote-allow-hosts" "localhost" "-no-remote" "-profile" "C:\\Users\\JOSEPH~1\\AppData\\Local\\Temp\\rust_mozprofileOn4j8K"
1663687951272	Marionette	INFO	Marionette enabled
1663687951282	Marionette	INFO	Listening on port 55570
Read port: 55570
WebDriver BiDi listening on ws://127.0.0.1:55561
1663687951654	RemoteAgent	WARN	TLS certificate errors will be ignored for this session
console.warn: SearchSettings: "get: No settings file exists, new profile?" (new NotFoundError("Could not open the file at C:\\Users\\JOSEPH~1\\AppData\\Local\\Temp\\rust_mozprofileOn4j8K\\search.json.mozlz4", (void 0)))
DevTools listening on ws://127.0.0.1:55561/devtools/browser/f697c441-5333-4948-8886-efe2a3463089
JavaScript warning: https://www.google.com/maps/_/js/k=maps.m.sw.2-YRLUSbMwA.2019.O/m=sc2,per,mo,lp,ti,ds,stx,bom,b/am=2gEwBQQAAAAQ/rt=j/d=1/rs=ACT90oEYxSJ6_2xThQzHMBdbH1Ok9r0xcQ, line 2017: WEBGL_debug_renderer_info is deprecated in Firefox and will be removed. Please use RENDERER.
JavaScript warning: , line 0: WebGL warning: texSubImage: Texture has not been initialized prior to a partial upload, forcing the browser to clear it. This may be slow.
JavaScript warning: , line 0: WebGL warning: texSubImage: Tex image TEXTURE_2D level 0 is incurring lazy initialization.
JavaScript warning: , line 0: WebGL warning: texSubImage: Texture has not been initialized prior to a partial upload, forcing the browser to clear it. This may be slow.
JavaScript warning: , line 0: WebGL warning: texSubImage: Tex image TEXTURE_2D level 0 is incurring lazy initialization.
JavaScript warning: , line 0: WebGL warning: texSubImage: Texture has not been initialized prior to a partial upload, forcing the browser to clear it. This may be slow.
JavaScript warning: , line 0: WebGL warning: texSubImage: Tex image TEXTURE_2D level 0 is incurring lazy initialization.
JavaScript warning: , line 0: WebGL warning: texSubImage: Texture has not been initialized prior to a partial upload, forcing the browser to clear it. This may be slow.
JavaScript warning: , line 0: WebGL warning: texSubImage: Tex image TEXTURE_2D level 0 is incurring lazy initialization.
JavaScript warning: , line 0: WebGL warning: texSubImage: Texture has not been initialized prior to a partial upload, forcing the browser to clear it. This may be slow.
JavaScript warning: , line 0: WebGL warning: texSubImage: Tex image TEXTURE_2D level 0 is incurring lazy initialization.
JavaScript warning: , line 0: WebGL warning: texSubImage: Texture has not been initialized prior to a partial upload, forcing the browser to clear it. This may be slow.
JavaScript warning: , line 0: WebGL warning: texSubImage: Tex image TEXTURE_2D level 0 is incurring lazy initialization.
1663688294864	Marionette	INFO	Stopped listening on port 55570
console.warn: TopSitesFeed: Failed to fetch data from Contile server: NetworkError when attempting to fetch resource.
remote-debugging-port" "55700" "--remote-allow-hosts" "localhost" "-no-remote" "-profile" "C:\\Users\\JOSEPH~1\\AppData\\Local\\Temp\\rust_mozprofileD3LOE1"
1663688241140	Marionette	INFO	Marionette enabled
1663688241152	Marionette	INFO	Listening on port 55711
Read port: 55711
WebDriver BiDi listening on ws://127.0.0.1:55700
1663688241399	RemoteAgent	WARN	TLS certificate errors will be ignored for this session
console.warn: SearchSettings: "get: No settings file exists, new profile?" (new NotFoundError("Could not open the file at C:\\Users\\JOSEPH~1\\AppData\\Local\\Temp\\rust_mozprofileD3LOE1\\search.json.mozlz4", (void 0)))
DevTools listening on ws://127.0.0.1:55700/devtools/browser/8f0d6422-227f-4721-aff2-bacba536c464
JavaScript warning: https://www.google.com/maps/_/js/k=maps.m.sw.2-YRLUSbMwA.2019.O/m=sc2,per,mo,lp,ti,ds,stx,bom,b/am=2gEwBQQAAAAQ/rt=j/d=1/rs=ACT90oEYxSJ6_2xThQzHMBdbH1Ok9r0xcQ, line 2017: WEBGL_debug_renderer_info is deprecated in Firefox and will be removed. Please use RENDERER.
JavaScript warning: , line 0: WebGL warning: texSubImage: Texture has not been initialized prior to a partial upload, forcing the browser to clear it. This may be slow.
JavaScript warning: , line 0: WebGL warning: texSubImage: Tex image TEXTURE_2D level 0 is incurring lazy initialization.
JavaScript warning: https://www.google.com/maps/_/js/k=maps.m.sw.2-YRLUSbMwA.2019.O/m=sc2,per,mo,lp,ti,ds,stx,bom,b/am=2gEwBQQAAAAQ/rt=j/d=1/rs=ACT90oEYxSJ6_2xThQzHMBdbH1Ok9r0xcQ, line 2017: WEBGL_debug_renderer_info is deprecated in Firefox and will be removed. Please use RENDERER.
JavaScript warning: , line 0: WebGL warning: texSubImage: Texture has not been initialized prior to a partial upload, forcing the browser to clear it. This may be slow.
JavaScript warning: , line 0: WebGL warning: texSubImage: Tex image TEXTURE_2D level 0 is incurring lazy initialization.
JavaScript warning: , line 0: WebGL warning: texSubImage: Texture has not been initialized prior to a partial upload, forcing the browser to clear it. This may be slow.
JavaScript warning: , line 0: WebGL warning: texSubImage: Tex image TEXTURE_2D level 0 is incurring lazy initialization.
JavaScript warning: , line 0: WebGL warning: texSubImage: Texture has not been initialized prior to a partial upload, forcing the browser to clear it. This may be slow.
JavaScript warning: , line 0: WebGL warning: texSubImage: Tex image TEXTURE_2D level 0 is incurring lazy initialization.
JavaScript warning: , line 0: WebGL warning: texSubImage: Texture has not been initialized prior to a partial upload, forcing the browser to clear it. This may be slow.
JavaScript warning: , line 0: WebGL warning: texSubImage: Tex image TEXTURE_2D level 0 is incurring lazy initialization.
JavaScript warning: , line 0: WebGL warning: texSubImage: Texture has not been initialized prior to a partial upload, forcing the browser to clear it. This may be slow.
JavaScript warning: , line 0: WebGL warning: texSubImage: Tex image TEXTURE_2D level 0 is incurring lazy initialization.
JavaScript warning: , line 0: WebGL warning: texSubImage: Texture has not been initialized prior to a partial upload, forcing the browser to clear it. This may be slow.
JavaScript warning: , line 0: WebGL warning: texSubImage: Tex image TEXTURE_2D level 0 is incurring lazy initialization.
1663688444691	Marionette	INFO	Stopped listening on port 55711
1663688604397	geckodriver	INFO	Listening on 127.0.0.1:55806
1663688607561	mozrunner::runner	INFO	Running command: "C:\\Program Files\\Mozilla Firefox\\firefox.exe" "--marionette" "--remote-debugging-port" "55807" "--remote-allow-hosts" "localhost" "-no-remote" "-profile" "C:\\Users\\JOSEPH~1\\AppData\\Local\\Temp\\rust_mozprofileL935an"
1663688608435	Marionette	INFO	Marionette enabled
1663688608446	Marionette	INFO	Listening on port 55818
Read port: 55818
WebDriver BiDi listening on ws://127.0.0.1:55807
1663688608638	RemoteAgent	WARN	TLS certificate errors will be ignored for this session
console.warn: SearchSettings: "get: No settings file exists, new profile?" (new NotFoundError("Could not open the file at C:\\Users\\JOSEPH~1\\AppData\\Local\\Temp\\rust_mozprofileL935an\\search.json.mozlz4", (void 0)))
DevTools listening on ws://127.0.0.1:55807/devtools/browser/bbe548bd-68fb-4f87-aa66-5bb47a0e6ece
JavaScript warning: https://www.google.com/maps/_/js/k=maps.m.sw.IhAKsaGomis.2019.O/m=sc2,per,mo,lp,ti,ds,stx,bom,b/am=2gEwBQQAAAAQ/rt=j/d=1/rs=ACT90oG1EagHswGxsUUNknUICYUt_oobow, line 2020: WEBGL_debug_renderer_info is deprecated in Firefox and will be removed. Please use RENDERER.
JavaScript warning: , line 0: WebGL warning: texSubImage: Texture has not been initialized prior to a partial upload, forcing the browser to clear it. This may be slow.
JavaScript warning: , line 0: WebGL warning: texSubImage: Tex image TEXTURE_2D level 0 is incurring lazy initialization.
JavaScript warning: , line 0: WebGL warning: texSubImage: Texture has not been initialized prior to a partial upload, forcing the browser to clear it. This may be slow.
JavaScript warning: , line 0: WebGL warning: texSubImage: Tex image TEXTURE_2D level 0 is incurring lazy initialization.
JavaScript warning: , line 0: WebGL warning: texSubImage: Texture has not been initialized prior to a partial upload, forcing the browser to clear it. This may be slow.
JavaScript warning: , line 0: WebGL warning: texSubImage: Tex image TEXTURE_2D level 0 is incurring lazy initialization.
JavaScript warning: , line 0: WebGL warning: texSubImage: Texture has not been initialized prior to a partial upload, forcing the browser to clear it. This may be slow.
JavaScript warning: , line 0: WebGL warning: texSubImage: Tex image TEXTURE_2D level 0 is incurring lazy initialization.
JavaScript warning: , line 0: WebGL warning: texSubImage: Texture has not been initialized prior to a partial upload, forcing the browser to clear it. This may be slow.
JavaScript warning: , line 0: WebGL warning: texSubImage: Tex image TEXTURE_2D level 0 is incurring lazy initialization.
JavaScript warning: , line 0: WebGL warning: texSubImage: Texture has not been initialized prior to a partial upload, forcing the browser to clear it. This may be slow.
JavaScript warning: , line 0: WebGL warning: texSubImage: Tex image TEXTURE_2D level 0 is incurring lazy initialization.
JavaScript error: resource://gre/modules/AsyncShutdown.jsm, line 576: NotFoundError: No such JSWindowActor 'DevToolsFrame'
1663689246169	Marionette	INFO	Stopped listening on port 55818
!!! error running onStopped callback: TypeError: callback is not a function
rofile" "C:\\Users\\JOSEPH~1\\AppData\\Local\\Temp\\rust_mozprofileA8c1Ov"
1663688714644	Marionette	INFO	Marionette enabled
1663688714658	Marionette	INFO	Listening on port 55885
Read port: 55885
WebDriver BiDi listening on ws://127.0.0.1:55875
1663688714876	RemoteAgent	WARN	TLS certificate errors will be ignored for this session
console.warn: SearchSettings: "get: No settings file exists, new profile?" (new NotFoundError("Could not open the file at C:\\Users\\JOSEPH~1\\AppData\\Local\\Temp\\rust_mozprofileA8c1Ov\\search.json.mozlz4", (void 0)))
DevTools listening on ws://127.0.0.1:55875/devtools/browser/a77f5c14-5bac-4f5e-9b6f-45e0cb22f73a
JavaScript warning: https://www.google.com/maps/_/js/k=maps.m.sw.2-YRLUSbMwA.2019.O/m=sc2,per,mo,lp,ti,ds,stx,bom,b/am=2gEwBQQAAAAQ/rt=j/d=1/rs=ACT90oEYxSJ6_2xThQzHMBdbH1Ok9r0xcQ, line 2017: WEBGL_debug_renderer_info is deprecated in Firefox and will be removed. Please use RENDERER.
JavaScript warning: , line 0: WebGL warning: texSubImage: Texture has not been initialized prior to a partial upload, forcing the browser to clear it. This may be slow.
JavaScript warning: , line 0: WebGL warning: texSubImage: Tex image TEXTURE_2D level 0 is incurring lazy initialization.
JavaScript warning: , line 0: WebGL warning: texSubImage: Texture has not been initialized prior to a partial upload, forcing the browser to clear it. This may be slow.
JavaScript warning: , line 0: WebGL warning: texSubImage: Tex image TEXTURE_2D level 0 is incurring lazy initialization.
JavaScript warning: , line 0: WebGL warning: texSubImage: Texture has not been initialized prior to a partial upload, forcing the browser to clear it. This may be slow.
JavaScript warning: , line 0: WebGL warning: texSubImage: Tex image TEXTURE_2D level 0 is incurring lazy initialization.
JavaScript warning: , line 0: WebGL warning: texSubImage: Texture has not been initialized prior to a partial upload, forcing the browser to clear it. This may be slow.
JavaScript warning: , line 0: WebGL warning: texSubImage: Tex image TEXTURE_2D level 0 is incurring lazy initialization.
JavaScript warning: , line 0: WebGL warning: texSubImage: Texture has not been initialized prior to a partial upload, forcing the browser to clear it. This may be slow.
JavaScript warning: , line 0: WebGL warning: texSubImage: Tex image TEXTURE_2D level 0 is incurring lazy initialization.
JavaScript warning: , line 0: WebGL warning: texSubImage: Texture has not been initialized prior to a partial upload, forcing the browser to clear it. This may be slow.
JavaScript warning: , line 0: WebGL warning: texSubImage: Tex image TEXTURE_2D level 0 is incurring lazy initialization.
1663689244162	Marionette	INFO	Stopped listening on port 55881663689245262	mozrunner::runner	INFO	Running command: "C:\\Program Files\\Mozilla Firefox\\firefox.exe" "--marionette" "--remote-debugging-port" "56097" "--remote-allow-hosts" "localhost" "-no-remote" "-profile" "C:\\Users\\JOSEPH~1\\AppData\\Local\\Temp\\rust_mozprofileTJmr6Q"
1663689250977	Marionette	INFO	Marionette enabled
1663689251000	Marionette	INFO	Listening on port 56109
Read port: 56109
WebDriver BiDi listening on ws://127.0.0.1:56097
1663689251432	RemoteAgent	WARN	TLS certificate errors will be ignored for this session
console.warn: SearchSettings: "get: No settings file exists, new profile?" (new NotFoundError("Could not open the file at C:\\Users\\JOSEPH~1\\AppData\\Local\\Temp\\rust_mozprofileTJmr6Q\\search.json.mozlz4", (void 0)))
DevTools listening on ws://127.0.0.1:56097/devtools/browser/257a64a5-71d9-4934-b4e2-a6e3398dd578
JavaScript warning: https://www.google.com/maps/_/js/k=maps.m.sw.2-YRLUSbMwA.2019.O/m=sc2,per,mo,lp,ti,ds,stx,bom,b/am=2gEwBQQAAAAQ/rt=j/d=1/rs=ACT90oEYxSJ6_2xThQzHMBdbH1Ok9r0xcQ, line 2017: WEBGL_debug_renderer_info is deprecated in Firefox and will be removed. Please use RENDERER.
JavaScript warning: , line 0: WebGL warning: texSubImage: Texture has not been initialized prior to a partial upload, forcing the browser to clear it. This may be slow.
JavaScript warning: , line 0: WebGL warning: texSubImage: Tex image TEXTURE_2D level 0 is incurring lazy initialization.
JavaScript warning: , line 0: WebGL warning: texSubImage: Texture has not been initialized prior to a partial upload, forcing the browser to clear it. This may be slow.
JavaScript warning: , line 0: WebGL warning: texSubImage: Tex image TEXTURE_2D level 0 is incurring lazy initialization.
JavaScript warning: , line 0: WebGL warning: texSubImage: Texture has not been initialized prior to a partial upload, forcing the browser to clear it. This may be slow.
JavaScript warning: , line 0: WebGL warning: texSubImage: Tex image TEXTURE_2D level 0 is incurring lazy initialization.
JavaScript warning: , line 0: WebGL warning: texSubImage: Texture has not been initialized prior to a partial upload, forcing the browser to clear it. This may be slow.
JavaScript warning: , line 0: WebGL warning: texSubImage: Tex image TEXTURE_2D level 0 is incurring lazy initialization.
JavaScript warning: , line 0: WebGL warning: texSubImage: Texture has not been initialized prior to a partial upload, forcing the browser to clear it. This may be slow.
JavaScript warning: , line 0: WebGL warning: texSubImage: Tex image TEXTURE_2D level 0 is incurring lazy initialization.
JavaScript warning: , line 0: WebGL warning: texSubImage: Texture has not been initialized prior to a partial upload, forcing the browser to clear it. This may be slow.
JavaScript warning: , line 0: WebGL warning: texSubImage: Tex image TEXTURE_2D level 0 is incurring lazy initialization.
